TN:
SF:/Users/gurghet/Documents/vue-smart-table/src/components/Modal.vue
FN:11,_interopRequireDefault
FN:15,data
FN:28,command
FN:48,close
FN:51,confirm
FNF:5
FNH:2
FNDA:1,_interopRequireDefault
FNDA:36,data
FNDA:0,command
FNDA:0,close
FNDA:0,confirm
DA:0,1
DA:33,1
DA:37,36
DA:49,0
DA:50,0
DA:51,0
DA:52,0
DA:53,0
DA:54,0
DA:55,0
DA:59,0
DA:60,0
DA:69,0
DA:72,0
DA:73,0
LF:15
LH:3
BRDA:11,1,0,0
BRDA:11,1,1,1
BRDA:11,2,0,1
BRDA:11,2,1,1
BRDA:34,3,0,0
BRDA:34,3,1,0
BRDA:39,4,0,0
BRDA:39,4,1,0
BRF:8
BRH:4
end_of_record
TN:
SF:/Users/gurghet/Documents/vue-smart-table/src/components/Contacts.vue
FN:7,data
FNF:1
FNH:0
FNDA:0,data
DA:0,1
DA:13,0
LF:2
LH:1
BRF:0
BRH:0
end_of_record
TN:
SF:/Users/gurghet/Documents/vue-smart-table/src/components/ExampleComponent.vue
FN:7,data
FNF:1
FNH:0
FNDA:0,data
DA:0,1
DA:8,0
LF:2
LH:1
BRF:0
BRH:0
end_of_record
TN:
SF:/Users/gurghet/Documents/vue-smart-table/src/components/Fontawesome.vue
FN:7,data
FN:12,created
FNF:2
FNH:0
FNDA:0,data
FNDA:0,created
DA:0,1
DA:8,0
DA:14,0
DA:15,0
DA:16,0
DA:19,0
DA:20,0
DA:21,0
DA:22,0
DA:23,0
DA:24,0
DA:25,0
LF:12
LH:1
BRDA:14,1,0,0
BRDA:14,1,1,0
BRF:2
BRH:0
end_of_record
TN:
SF:/Users/gurghet/Documents/vue-smart-table/src/components/ModalEdit.vue
FN:11,_interopRequireDefault
FN:15,data
FN:27,modalEdit
FN:37,close
FN:41,confirm
FNF:5
FNH:1
FNDA:1,_interopRequireDefault
FNDA:0,data
FNDA:0,modalEdit
FNDA:0,close
FNDA:0,confirm
DA:0,1
DA:19,1
DA:23,0
DA:34,0
DA:35,0
DA:36,0
DA:37,0
DA:38,0
DA:39,0
DA:44,0
DA:45,0
DA:48,0
DA:54,0
LF:13
LH:2
BRDA:11,1,0,0
BRDA:11,1,1,1
BRDA:11,2,0,1
BRDA:11,2,1,1
BRF:4
BRH:4
end_of_record
TN:
SF:/Users/gurghet/Documents/vue-smart-table/src/vue-smart-table.js
FNF:0
FNH:0
DA:1,1
DA:2,1
DA:3,1
DA:4,0
DA:7,1
LF:5
LH:4
BRDA:5,1,0,0
BRDA:5,1,1,1
BRDA:5,2,0,1
BRDA:5,2,1,1
BRF:4
BRH:3
end_of_record
